<?xml version="1.0" encoding="UTF-8"?>
<testng-results skipped="0" failed="0" total="1" passed="1">
  <reporter-output>
  </reporter-output>
  <suite name="Surefire suite" duration-ms="31" started-at="2016-10-07T05:25:05Z" finished-at="2016-10-07T05:25:05Z">
    <groups>
    </groups>
    <test name="Surefire test" duration-ms="31" started-at="2016-10-07T05:25:05Z" finished-at="2016-10-07T05:25:05Z">
      <class name="com.example.jcoco.StudyGroupTest">
        <test-method status="PASS" signature="testStudyGroupClass()[pri:0, instance:com.example.jcoco.StudyGroupTest@6a8de742]" name="testStudyGroupClass" duration-ms="16" started-at="2016-10-07T10:55:05Z" finished-at="2016-10-07T10:55:05Z">
          <reporter-output>
          </reporter-output>
        </test-method> <!-- testStudyGroupClass -->
      </class> <!-- com.example.jcoco.StudyGroupTest -->
    </test> <!-- Surefire test -->
  </suite> <!-- Surefire suite -->
</testng-results>
